This is pdfeTeX, Version 3.141592-1.30.5-2.2 (Web2C 7.5.5) (format=latex 2006.3.23)  4 APR 2006 22:58
entering extended mode
**tfm
(./tfm.tex
LaTeX2e <2003/12/01>
Babel <v3.8d> and hyphenation patterns for american, french, german, ngerman, b
ahasa, basque, bulgarian, catalan, croatian, czech, danish, dutch, esperanto, e
stonian, finnish, greek, icelandic, irish, italian, latin, magyar, norsk, polis
h, portuges, romanian, russian, serbian, slovak, slovene, spanish, swedish, tur
kish, ukrainian, nohyphenation, loaded.
(/usr/share/texmf/tex/latex/base/book.cls
Document Class: book 2004/02/16 v1.4f Standard LaTeX document class
(/usr/share/texmf/tex/latex/base/bk10.clo
File: bk10.clo 2004/02/16 v1.4f Standard LaTeX file (size option)
)
\c@part=\count79
\c@chapter=\count80
\c@section=\count81
\c@subsection=\count82
\c@subsubsection=\count83
\c@paragraph=\count84
\c@subparagraph=\count85
\c@figure=\count86
\c@table=\count87
\abovecaptionskip=\skip41
\belowcaptionskip=\skip42
\bibindent=\dimen102
)
(/usr/share/texmf/tex/latex/hyperref/hyperref.sty
Package: hyperref 2003/11/30 v6.74m Hypertext links for LaTeX

(/usr/share/texmf/tex/latex/graphics/keyval.sty
Package: keyval 1999/03/16 v1.13 key=value parser (DPC)
\KV@toks@=\toks14
)
\@linkdim=\dimen103
\Hy@linkcounter=\count88
\Hy@pagecounter=\count89

(/usr/share/texmf/tex/latex/hyperref/pd1enc.def
File: pd1enc.def 2003/11/30 v6.74m Hyperref: PDFDocEncoding definition (HO)
)
(/usr/share/texmf/tex/latex/hyperref/hyperref.cfg
File: hyperref.cfg 2002/06/06 v1.2 hyperref configuration of TeXLive and teTeX
)
Package hyperref Info: Hyper figures OFF on input line 1880.
Package hyperref Info: Link nesting OFF on input line 1885.
Package hyperref Info: Hyper index ON on input line 1888.
Package hyperref Info: Plain pages ON on input line 1893.
Package hyperref Info: Backreferencing OFF on input line 1900.

Implicit mode ON; LaTeX internals redefined
Package hyperref Info: Bookmarks ON on input line 2004.
(/usr/share/texmf/tex/latex/url/url.sty
\Urlmuskip=\muskip10
Package: url 2004/03/15  ver 3.1  Verb mode for urls, etc.
)
LaTeX Info: Redefining \url on input line 2143.
\Fld@menulength=\count90
\Field@Width=\dimen104
\Fld@charsize=\dimen105
\Choice@toks=\toks15
\Field@toks=\toks16
Package hyperref Info: Hyper figures OFF on input line 2618.
Package hyperref Info: Link nesting OFF on input line 2623.
Package hyperref Info: Hyper index ON on input line 2626.
Package hyperref Info: backreferencing OFF on input line 2633.
Package hyperref Info: Link coloring OFF on input line 2638.
\c@Item=\count91
\c@Hfootnote=\count92
)
*hyperref using default driver hypertex*
(/usr/share/texmf/tex/latex/hyperref/hypertex.def
File: hypertex.def 2003/11/30 v6.74m Hyperref driver for HyperTeX specials
)
(/usr/share/texmf/tex/latex/base/makeidx.sty
Package: makeidx 2000/03/29 v1.0m Standard LaTeX package
)
(/usr/share/texmf/tex/latex/amsfonts/amssymb.sty
Package: amssymb 2002/01/22 v2.2d

(/usr/share/texmf/tex/latex/amsfonts/amsfonts.sty
Package: amsfonts 2001/10/25 v2.2f
\@emptytoks=\toks17
\symAMSa=\mathgroup4
\symAMSb=\mathgroup5
LaTeX Font Info:    Overwriting math alphabet `\mathfrak' in version `bold'
(Font)                  U/euf/m/n --> U/euf/b/n on input line 132.
))
(/usr/share/texmf/tex/latex/graphics/color.sty
Package: color 1999/02/16 v1.0i Standard LaTeX Color (DPC)

(/usr/share/texmf/tex/latex/graphics/color.cfg
File: color.cfg 2005/02/03 v1.3 color configuration of teTeX/TeXLive
)
Package color Info: Driver file: dvips.def on input line 125.

(/usr/share/texmf/tex/latex/graphics/dvips.def
File: dvips.def 1999/02/16 v3.0i Driver-dependant file (DPC,SPQR)
)
(/usr/share/texmf/tex/latex/graphics/dvipsnam.def
File: dvipsnam.def 1999/02/16 v3.0i Driver-dependant file (DPC,SPQR)
))
(/usr/share/texmf/tex/latex/base/alltt.sty
Package: alltt 1997/06/16 v2.0g defines alltt environment
)
(/usr/share/texmf/tex/latex/graphics/graphicx.sty
Package: graphicx 1999/02/16 v1.0f Enhanced LaTeX Graphics (DPC,SPQR)

(/usr/share/texmf/tex/latex/graphics/graphics.sty
Package: graphics 2001/07/07 v1.0n Standard LaTeX Graphics (DPC,SPQR)

(/usr/share/texmf/tex/latex/graphics/trig.sty
Package: trig 1999/03/16 v1.09 sin cos tan (DPC)
)
(/usr/share/texmf/tex/latex/graphics/graphics.cfg
File: graphics.cfg 2005/02/03 v1.3 graphics configuration of teTeX/TeXLive
)
Package graphics Info: Driver file: dvips.def on input line 80.
)
\Gin@req@height=\dimen106
\Gin@req@width=\dimen107
)
(/usr/share/texmf/tex/latex/tools/layout.sty
Package: layout 2000/09/25 v1.2c Show layout parameters
\oneinch=\count93
\cnt@paperwidth=\count94
\cnt@paperheight=\count95
\cnt@hoffset=\count96
\cnt@voffset=\count97
\cnt@textheight=\count98
\cnt@textwidth=\count99
\cnt@topmargin=\count100
\cnt@oddsidemargin=\count101
\cnt@evensidemargin=\count102
\cnt@headheight=\count103
\cnt@headsep=\count104
\cnt@marginparsep=\count105
\cnt@marginparwidth=\count106
\cnt@marginparpush=\count107
\cnt@footskip=\count108
\fheight=\count109
\ref@top=\count110
\ref@hoffset=\count111
\ref@voffset=\count112
\ref@head=\count113
\ref@body=\count114
\ref@foot=\count115
\ref@margin=\count116
\ref@marginwidth=\count117
\ref@marginpar=\count118
\Interval=\count119
\ExtraYPos=\count120
\PositionX=\count121
\PositionY=\count122
\ArrowLength=\count123
)
\@indexfile=\write3
\openout3 = `tfm.idx'.


Writing index file tfm.idx
(./tfm.aux)
\openout1 = `tfm.aux'.

LaTeX Font Info:    Checking defaults for OML/cmm/m/it on input line 49.
LaTeX Font Info:    ... okay on input line 49.
LaTeX Font Info:    Checking defaults for T1/cmr/m/n on input line 49.
LaTeX Font Info:    ... okay on input line 49.
LaTeX Font Info:    Checking defaults for OT1/cmr/m/n on input line 49.
LaTeX Font Info:    ... okay on input line 49.
LaTeX Font Info:    Checking defaults for OMS/cmsy/m/n on input line 49.
LaTeX Font Info:    ... okay on input line 49.
LaTeX Font Info:    Checking defaults for OMX/cmex/m/n on input line 49.
LaTeX Font Info:    ... okay on input line 49.
LaTeX Font Info:    Checking defaults for U/cmr/m/n on input line 49.
LaTeX Font Info:    ... okay on input line 49.
LaTeX Font Info:    Checking defaults for PD1/pdf/m/n on input line 49.
LaTeX Font Info:    ... okay on input line 49.
Package hyperref Info: Link coloring OFF on input line 49.
 (/usr/share/texmf/tex/latex/hyperref/nameref.sty
Package: nameref 2003/12/03 v2.21 Cross-referencing by name of section
\c@section@level=\count124
)
LaTeX Info: Redefining \ref on input line 49.
LaTeX Info: Redefining \pageref on input line 49.
LaTeX Font Info:    Try loading font information for U+msa on input line 55.

(/usr/share/texmf/tex/latex/amsfonts/umsa.fd
File: umsa.fd 2002/01/19 v2.2g AMS font definitions
)
LaTeX Font Info:    Try loading font information for U+msb on input line 55.

(/usr/share/texmf/tex/latex/amsfonts/umsb.fd
File: umsb.fd 2002/01/19 v2.2g AMS font definitions
) [1



] [2] (./tfm.toc [3

])
\tf@toc=\write4
\openout4 = `tfm.toc'.

 [4]
(./tfm.lof)
\tf@lof=\write5
\openout5 = `tfm.lof'.

 [5

] [6

]
Chapter 1.
[1

] [2] [3] [4] [5] [6

]
Chapter 2.

Underfull \vbox (badness 7649) has occurred while \output is active []

 [7]
[8]
Chapter 3.
[9

] [10] [11] [12]
Chapter 4.
[13

] [14] [15]
Overfull \hbox (74.99634pt too wide) in paragraph at lines 559--559
[]\OT1/cmtt/m/n/10 #define SQRADDSC(i, j)                                      
                   \[] 
 []


Overfull \hbox (74.99634pt too wide) in paragraph at lines 559--559
[]   \OT1/cmtt/m/n/10 do { fp_word t;                                          
                   \[] 
 []


Overfull \hbox (74.99634pt too wide) in paragraph at lines 559--559
[]      \OT1/cmtt/m/n/10 t =  ((fp_word)i) * ((fp_word)j);                     
                   \[] 
 []


Overfull \hbox (74.99634pt too wide) in paragraph at lines 559--559
[]      \OT1/cmtt/m/n/10 sc0 = (fp_digit)t; sc1 = (t >> DIGIT_BIT); sc2 = 0;   
                   \[] 
 []


Overfull \hbox (25.129pt too wide) in paragraph at lines 560--561
\OT1/cmr/m/n/10 This com-putes a prod-uct and stores it in the ``sec-ondary'' c
arry reg-is-ters $[]$. 
 []


Overfull \hbox (74.99634pt too wide) in paragraph at lines 568--568
[]\OT1/cmtt/m/n/10 #define SQRADDAC(i, j)                                      
                   \[] 
 []


Overfull \hbox (74.99634pt too wide) in paragraph at lines 568--568
[]   \OT1/cmtt/m/n/10 do { fp_word t;                                          
                   \[] 
 []


Overfull \hbox (74.99634pt too wide) in paragraph at lines 568--568
[]   \OT1/cmtt/m/n/10 t = sc0 + ((fp_word)i) * ((fp_word)j);  sc0 = t;         
                   \[] 
 []


Overfull \hbox (74.99634pt too wide) in paragraph at lines 568--568
[]   \OT1/cmtt/m/n/10 t = sc1 + (t >> DIGIT_BIT);             sc1 = t; sc2 += t
 >> DIGIT_BIT;     \[] 
 []


Overfull \hbox (74.99634pt too wide) in paragraph at lines 578--578
[]\OT1/cmtt/m/n/10 #define SQRADDDB                                            
                   \[] 
 []


Overfull \hbox (74.99634pt too wide) in paragraph at lines 578--578
[]   \OT1/cmtt/m/n/10 do { fp_word t;                                          
                   \[] 
 []


Overfull \hbox (190.49533pt too wide) in paragraph at lines 578--578
[]   \OT1/cmtt/m/n/10 t = ((fp_word)sc0) + ((fp_word)sc0) + c0; c0 = t;        
                                         \[] 
 []


Overfull \hbox (190.49533pt too wide) in paragraph at lines 578--578
[]   \OT1/cmtt/m/n/10 t = ((fp_word)sc1) + ((fp_word)sc1) + c1 + (t >> DIGIT_BI
T); c1 = t;                              \[] 
 []


Overfull \hbox (190.49533pt too wide) in paragraph at lines 578--578
[]   \OT1/cmtt/m/n/10 c2 = c2 + ((fp_word)sc2) + ((fp_word)sc2) + (t >> DIGIT_B
IT);                                     \[] 
 []

[16] [17] (./tfm.ind [18] [19


]) (./tfm.aux) ) 
Here is how much of TeX's memory you used:
 2739 strings out of 94433
 36227 string characters out of 1175589
 81615 words of memory out of 1000000
 5924 multiletter control sequences out of 10000+50000
 15453 words of font info for 59 fonts, out of 500000 for 2000
 580 hyphenation exceptions out of 1000
 25i,9n,25p,195b,321s stack positions out of 1500i,500n,5000p,200000b,5000s

Output written on tfm.dvi (25 pages, 51612 bytes).
